TN:
SF:src\App.tsx
FN:7,App
FNF:1
FNH:1
FNDA:1,App
DA:1,1
DA:2,1
DA:3,1
DA:4,1
DA:5,1
DA:7,1
DA:8,1
DA:9,1
DA:10,1
DA:11,1
DA:12,1
DA:13,1
DA:16,1
LF:13
LH:13
BRDA:7,0,0,1
BRF:1
BRH:1
end_of_record
TN:
SF:src\main.tsx
FNF:0
FNH:0
DA:1,1
DA:2,1
DA:3,1
DA:4,1
LF:4
LH:4
BRF:0
BRH:0
end_of_record
TN:
SF:src\api\legislationApi.ts
FN:7,fetchBills
FNF:1
FNH:1
FNDA:3,fetchBills
DA:2,1
DA:5,1
DA:7,1
DA:8,3
DA:9,3
DA:10,3
DA:11,3
DA:12,3
DA:13,3
DA:14,3
DA:15,3
DA:16,3
DA:17,3
DA:18,3
DA:19,3
DA:21,2
DA:22,2
DA:23,2
DA:24,1
DA:26,3
DA:27,3
LF:21
LH:21
BRDA:7,0,0,3
BRDA:19,1,0,2
BRDA:23,2,0,1
BRDA:21,3,0,3
BRF:4
BRH:4
end_of_record
TN:
SF:src\components\BillDetailModal\BillDetailModal.tsx
FN:21,BillDetailModal
FN:37,onChange
FNF:2
FNH:2
FNDA:6,BillDetailModal
FNDA:1,onChange
DA:1,1
DA:2,1
DA:12,1
DA:21,1
DA:22,6
DA:24,6
DA:26,5
DA:27,5
DA:28,5
DA:29,5
DA:30,5
DA:31,5
DA:32,5
DA:33,5
DA:35,5
DA:36,5
DA:37,5
DA:38,5
DA:40,5
DA:41,5
DA:42,5
DA:43,5
DA:44,5
DA:45,5
DA:46,5
DA:47,5
DA:48,5
DA:50,5
DA:51,5
DA:52,5
DA:53,4
DA:54,4
DA:55,4
DA:56,4
DA:57,4
DA:59,4
DA:60,4
DA:61,4
DA:62,4
DA:63,4
DA:64,4
DA:65,4
DA:66,4
DA:67,4
DA:68,4
DA:70,4
DA:71,4
DA:72,4
DA:73,4
DA:74,4
DA:75,4
DA:77,6
DA:78,1
DA:79,1
DA:80,1
DA:81,1
DA:82,1
DA:84,1
DA:85,1
DA:86,1
DA:87,1
DA:88,1
DA:89,1
DA:90,1
DA:91,1
DA:92,1
DA:93,1
DA:95,1
DA:96,1
DA:97,1
DA:98,1
DA:99,1
DA:100,1
DA:102,6
DA:103,6
DA:104,6
DA:106,6
DA:108,1
LF:78
LH:78
BRDA:21,0,0,6
BRDA:24,1,0,1
BRDA:24,2,0,5
BRDA:52,3,0,4
BRDA:77,4,0,1
BRDA:37,5,0,1
BRF:6
BRH:6
end_of_record
TN:
SF:src\components\BillTable\BillTable.tsx
FN:24,BillTable
FN:59,onClick
FN:109,onClick
FNF:3
FNH:3
FNDA:26,BillTable
FNDA:2,onClick
FNDA:1,onClick
DA:1,1
DA:11,1
DA:12,1
DA:14,1
DA:24,1
DA:25,26
DA:26,26
DA:27,26
DA:28,26
DA:29,26
DA:30,26
DA:31,26
DA:32,3
DA:33,3
DA:34,3
DA:35,23
DA:37,26
DA:38,26
DA:39,26
DA:40,26
DA:41,26
DA:42,26
DA:43,26
DA:44,26
DA:45,26
DA:46,26
DA:47,26
DA:48,26
DA:49,26
DA:50,26
DA:51,26
DA:52,19
DA:54,19
DA:55,19
DA:56,19
DA:57,19
DA:58,19
DA:59,19
DA:60,19
DA:62,19
DA:63,19
DA:64,19
DA:65,19
DA:66,19
DA:67,19
DA:68,19
DA:70,19
DA:71,19
DA:72,19
DA:73,19
DA:74,19
DA:75,19
DA:76,19
DA:77,19
DA:78,19
DA:80,19
DA:81,19
DA:82,19
DA:83,19
DA:84,19
DA:85,19
DA:86,19
DA:87,19
DA:88,19
DA:90,19
DA:91,19
DA:92,19
DA:93,19
DA:94,19
DA:95,19
DA:96,19
DA:97,19
DA:98,19
DA:100,19
DA:101,19
DA:102,19
DA:103,19
DA:104,19
DA:105,19
DA:106,19
DA:107,19
DA:108,19
DA:109,19
DA:110,1
DA:111,1
DA:112,1
DA:114,19
DA:115,19
DA:116,4
DA:118,15
DA:120,19
DA:121,19
DA:122,19
DA:124,26
DA:125,26
DA:126,26
DA:127,26
DA:128,26
DA:130,26
DA:132,1
LF:100
LH:100
BRDA:24,0,0,26
BRDA:31,1,0,3
BRDA:34,2,0,23
BRDA:33,3,0,3
BRDA:51,4,0,19
BRDA:90,5,0,0
BRDA:100,6,0,0
BRDA:115,7,0,4
BRDA:116,8,0,15
BRDA:59,9,0,2
BRDA:109,10,0,1
BRF:11
BRH:9
end_of_record
TN:
SF:src\components\BillTable\styles.ts
FNF:0
FNH:0
DA:1,1
DA:2,1
DA:3,1
DA:4,1
DA:5,1
DA:6,1
DA:7,1
DA:8,1
DA:9,1
DA:10,1
DA:11,1
DA:12,1
DA:13,1
DA:14,1
DA:15,1
DA:16,1
DA:17,1
DA:18,1
DA:19,1
DA:20,1
DA:21,1
DA:22,1
DA:23,1
DA:24,1
DA:25,1
DA:26,1
DA:27,1
DA:28,1
DA:29,1
DA:30,1
DA:31,1
LF:31
LH:31
BRF:0
BRH:0
end_of_record
TN:
SF:src\components\BillTypeFilter\BillTypeFilter.tsx
FN:10,BillTypeFilter
FN:19,onChange
FNF:2
FNH:2
FNDA:21,BillTypeFilter
FNDA:2,onChange
DA:1,1
DA:2,1
DA:10,1
DA:11,21
DA:12,21
DA:13,21
DA:14,21
DA:15,21
DA:16,21
DA:17,21
DA:18,21
DA:19,21
DA:21,21
DA:22,21
DA:23,17
DA:24,17
DA:25,17
DA:26,21
DA:27,21
DA:28,21
DA:30,21
DA:32,1
LF:22
LH:22
BRDA:10,0,0,21
BRDA:19,1,0,2
BRDA:22,2,0,17
BRF:3
BRH:3
end_of_record
TN:
SF:src\context\FavouriteContext.ts
FNF:0
FNH:0
DA:1,1
DA:9,1
DA:10,1
DA:11,1
LF:4
LH:4
BRF:0
BRH:0
end_of_record
TN:
SF:src\context\FavouriteProvider.tsx
FN:4,FavouriteProvider
FN:20,toggleFavourite
FNF:2
FNH:2
FNDA:19,FavouriteProvider
FNDA:2,toggleFavourite
DA:1,1
DA:2,1
DA:4,1
DA:5,19
DA:6,19
DA:7,19
DA:9,19
DA:10,10
DA:11,10
DA:12,7
DA:13,7
DA:14,19
DA:16,19
DA:17,19
DA:18,19
DA:20,19
DA:21,2
DA:22,2
DA:23,2
DA:24,1
DA:25,1
DA:26,1
DA:27,1
DA:28,1
DA:29,1
DA:30,2
DA:31,2
DA:32,2
DA:34,19
DA:35,19
DA:36,19
DA:37,19
DA:39,19
LF:33
LH:33
BRDA:4,0,0,19
BRDA:9,1,0,10
BRDA:11,2,0,7
BRDA:16,3,0,19
BRDA:20,4,0,2
BRDA:21,5,0,2
BRDA:23,6,0,1
BRF:7
BRH:7
end_of_record
TN:
SF:src\hook\useFavourites.ts
FN:4,useFavourites
FNF:1
FNH:1
FNDA:7,useFavourites
DA:1,1
DA:2,1
DA:4,1
DA:5,7
DA:6,7
DA:7,2
DA:8,2
DA:9,5
DA:10,5
LF:9
LH:9
BRDA:4,0,0,7
BRDA:6,1,0,2
BRDA:8,2,0,5
BRF:3
BRH:3
end_of_record
TN:
SF:src\pages\Home\Home.tsx
FN:17,Home
FN:30,load
FN:79,onChange
FN:122,onClose
FN:142,onPageChange
FN:143,onRowsPerPageChange
FNF:6
FNH:5
FNDA:35,Home
FNDA:9,load
FNDA:2,onChange
FNDA:1,onClose
FNDA:0,onPageChange
FNDA:1,onRowsPerPageChange
DA:1,1
DA:2,1
DA:10,1
DA:11,1
DA:12,1
DA:14,1
DA:15,1
DA:17,1
DA:18,35
DA:19,35
DA:20,35
DA:21,35
DA:22,35
DA:23,35
DA:24,35
DA:25,35
DA:27,35
DA:29,35
DA:30,11
DA:31,9
DA:32,9
DA:33,9
DA:34,8
DA:35,8
DA:36,8
DA:37,8
DA:38,8
DA:39,9
DA:40,11
DA:41,35
DA:43,35
DA:44,12
DA:45,35
DA:47,35
DA:48,19
DA:52,19
DA:53,2
DA:54,17
DA:57,19
DA:58,4
DA:59,4
DA:61,15
DA:62,35
DA:64,35
DA:65,16
DA:66,16
DA:67,35
DA:69,35
DA:70,35
DA:71,35
DA:72,35
DA:74,35
DA:75,35
DA:76,35
DA:77,35
DA:78,35
DA:79,35
DA:80,35
DA:82,35
DA:83,35
DA:84,35
DA:85,35
DA:86,35
DA:87,35
DA:88,35
DA:89,35
DA:90,35
DA:92,35
DA:93,22
DA:94,22
DA:95,22
DA:96,22
DA:97,22
DA:99,35
DA:100,35
DA:101,13
DA:102,13
DA:103,13
DA:104,13
DA:105,13
DA:107,13
DA:108,13
DA:110,22
DA:111,22
DA:112,22
DA:113,22
DA:114,22
DA:115,22
DA:116,22
DA:117,22
DA:118,22
DA:119,1
DA:120,1
DA:121,1
DA:122,1
DA:123,1
DA:127,22
DA:128,22
DA:129,22
DA:130,22
DA:131,19
DA:132,3
DA:133,2
DA:134,2
DA:135,2
DA:136,1
DA:137,3
DA:139,22
DA:140,22
DA:141,22
DA:142,22
DA:143,22
DA:144,1
DA:145,1
DA:146,1
DA:147,22
DA:149,22
DA:151,35
DA:153,35
DA:155,1
LF:120
LH:120
BRDA:17,0,0,35
BRDA:92,1,0,22
BRDA:100,2,0,13
BRDA:108,3,0,22
BRDA:118,4,0,1
BRDA:130,5,0,19
BRDA:131,6,0,3
BRDA:132,7,0,2
BRDA:135,8,0,1
BRDA:29,9,0,11
BRDA:40,10,0,9
BRDA:30,11,0,9
BRDA:33,12,0,8
BRDA:43,13,0,12
BRDA:47,14,0,19
BRDA:48,15,0,4
BRDA:48,16,0,15
BRDA:52,17,0,2
BRDA:53,18,0,17
BRDA:57,19,0,4
BRDA:59,20,0,15
BRDA:53,21,0,3
BRDA:64,22,0,16
BRDA:65,23,0,3
BRDA:65,24,0,13
BRDA:66,25,0,9
BRDA:79,26,0,2
BRDA:122,27,0,1
BRDA:134,28,0,4
BRDA:143,29,0,1
BRF:30
BRH:30
end_of_record
TN:
SF:src\types\bill.ts
FN:1,(empty-report)
FNF:1
FNH:1
FNDA:1,(empty-report)
LF:0
LH:0
BRDA:1,0,0,1
BRF:1
BRH:1
end_of_record
